android/app/build/outputs/mapping/release/mapping.txt
# compiler: R8
# compiler_version: 1.4.77
# min_api: 16
com.wdproject.MainActivity -> com.wdproject.MainActivity:
    java.lang.String getMainComponentName() -> n
com.wdproject.MainApplication -> com.wdproject.MainApplication:
    com.facebook.react.ReactNativeHost mReactNativeHost -> a
    com.facebook.react.ReactNativeHost getReactNativeHost() -> a
com.wdproject.MainApplication$1 -> com.wdproject.a:
    com.wdproject.MainApplication this$0 -> c
    java.lang.String getJSMainModuleName() -> e
    java.util.List getPackages() -> g
    boolean getUseDeveloperSupport() -> k
...
com.facebook.react.views.textinput.ReactTextInputSelectionEvent -> com.facebook.react.views.textinput.p:
    int mSelectionStart -> f
    int mSelectionEnd -> g
    void dispatch(com.facebook.react.uimanager.events.RCTEventEmitter) -> a
    java.lang.String getEventName() -> d
    com.facebook.react.bridge.WritableMap serializeEventData() -> j
com.facebook.react.views.textinput.ReactTextInputShadowNode -> com.facebook.react.views.textinput.q:
    java.lang.String mPlaceholder -> W
    java.lang.String mText -> V
    android.widget.EditText mDummyEditText -> T
    com.facebook.react.views.textinput.ReactTextInputLocalData mLocalData -> U
    int mMostRecentEventCount -> S
    boolean isYogaLeafNode() -> I
    java.lang.String getPlaceholder() -> N
    java.lang.String getText() -> O
    void initMeasureFunction() -> P
    void onCollectExtraUpdates(com.facebook.react.uimanager.UIViewOperationQueue) -> a
    void setLocalData(java.lang.Object) -> a
    void setThemedContext(com.facebook.react.uimanager.ThemedReactContext) -> a
    void setPadding(int,float) -> e
    boolean isVirtualAnchor() -> w
com.facebook.react.views.textinput.ReactTextInputSubmitEditingEvent -> com.facebook.react.views.textinput.r:
    java.lang.String mText -> f
    boolean canCoalesce() -> a
    void dispatch(com.facebook.react.uimanager.events.RCTEventEmitter) -> a
    java.lang.String getEventName() -> d
    com.facebook.react.bridge.WritableMap serializeEventData() -> j
com.facebook.react.views.textinput.ScrollWatcher -> com.facebook.react.views.textinput.s:
    void onScrollChanged(int,int,int,int) -> a
com.facebook.react.views.textinput.SelectionWatcher -> com.facebook.react.views.textinput.t:
    void onSelectionChanged(int,int) -> a
com.facebook.react.views.toolbar.DrawableWithIntrinsicSize -> com.facebook.react.views.toolbar.a:
    com.facebook.imagepipeline.image.ImageInfo mImageInfo -> e
com.facebook.react.views.toolbar.ReactToolbar -> com.facebook.react.views.toolbar.f:
    com.facebook.drawee.view.DraweeHolder mLogoHolder -> P
    com.facebook.drawee.view.DraweeHolder mNavIconHolder -> Q
    com.facebook.drawee.view.DraweeHolder mOverflowIconHolder -> R
    com.facebook.react.views.toolbar.ReactToolbar$IconControllerListener mLogoControllerListener -> T
    java.lang.Runnable mLayoutRunnable -> W
    com.facebook.react.views.toolbar.ReactToolbar$IconControllerListener mNavIconControllerListener -> U
    com.facebook.react.views.toolbar.ReactToolbar$IconControllerListener mOverflowIconControllerListener -> V
    com.facebook.drawee.view.MultiDraweeHolder mActionsHolder -> S
    android.graphics.drawable.Drawable getDrawableByName(java.lang.String) -> a
    com.facebook.react.views.toolbar.ReactToolbar$IconImageInfo getIconImageInfo(com.facebook.react.bridge.ReadableMap) -> a
    void setIconSource(com.facebook.react.bridge.ReadableMap,com.facebook.react.views.toolbar.ReactToolbar$IconControllerListener,com.facebook.drawee.view.DraweeHolder) -> a
    void setMenuItemIcon(android.view.MenuItem,com.facebook.react.bridge.ReadableMap) -> a
    int getDrawableResourceByName(java.lang.String) -> b
    void attachDraweeHolders() -> s
    com.facebook.drawee.generic.GenericDraweeHierarchy createDraweeHierarchy() -> t
    void detachDraweeHolders() -> u
com.facebook.react.views.toolbar.ReactToolbar$1 -> com.facebook.react.views.toolbar.b:
    com.facebook.react.views.toolbar.ReactToolbar this$0 -> e
    void setDrawable(android.graphics.drawable.Drawable) -> a
com.facebook.react.views.toolbar.ReactToolbar$2 -> com.facebook.react.views.toolbar.c:
    com.facebook.react.views.toolbar.ReactToolbar this$0 -> e
    void setDrawable(android.graphics.drawable.Drawable) -> a
com.facebook.react.views.toolbar.ReactToolbar$3 -> com.facebook.react.views.toolbar.d:
    com.facebook.react.views.toolbar.ReactToolbar this$0 -> e
    void setDrawable(android.graphics.drawable.Drawable) -> a